<?xml version="1.0" encoding="UTF-8"?>
<testng-results ignored="0" total="1" passed="1" failed="0" skipped="0">
  <reporter-output>
  </reporter-output>
  <suite started-at="2020-08-05T16:51:31Z" name="Suite" finished-at="2020-08-05T16:55:05Z" duration-ms="213631">
    <groups>
    </groups>
    <test started-at="2020-08-05T16:51:31Z" name="Test" finished-at="2020-08-05T16:55:05Z" duration-ms="213631">
      <class name="com.trifacta.Trifacta_Automation.ProductVersionTest">
        <test-method is-config="true" signature="tearUp()[pri:0, instance:com.trifacta.Trifacta_Automation.ProductVersionTest@4c163e3]" started-at="2020-08-05T16:51:31Z" name="tearUp" finished-at="2020-08-05T16:51:43Z" duration-ms="12381" status="PASS">
          <reporter-output>
          </reporter-output>
        </test-method> <!-- tearUp -->
        <test-method signature="productVersion()[pri:0, instance:com.trifacta.Trifacta_Automation.ProductVersionTest@4c163e3]" started-at="2020-08-05T16:51:43Z" name="productVersion" finished-at="2020-08-05T16:55:04Z" duration-ms="200992" status="PASS">
          <reporter-output>
          </reporter-output>
        </test-method> <!-- productVersion -->
        <test-method is-config="true" signature="tearDown()[pri:0, instance:com.trifacta.Trifacta_Automation.ProductVersionTest@4c163e3]" started-at="2020-08-05T16:55:04Z" name="tearDown" finished-at="2020-08-05T16:55:05Z" duration-ms="226" status="PASS">
          <reporter-output>
          </reporter-output>
        </test-method> <!-- tearDown -->
      </class> <!-- com.trifacta.Trifacta_Automation.ProductVersionTest -->
    </test> <!-- Test -->
  </suite> <!-- Suite -->
</testng-results>
